This file contains any messages produced by compilers while
running configure, to aid debugging if configure makes a mistake.

It was created by project configure 1.0, which was
generated by GNU Autoconf 2.69.  Invocation command line was

  $ ./configure 

## --------- ##
## Platform. ##
## --------- ##

hostname = roggero-VivoBook-ASUS
uname -m = x86_64
uname -r = 4.15.0-43-generic
uname -s = Linux
uname -v = #46-Ubuntu SMP Thu Dec 6 14:45:28 UTC 2018

/usr/bin/uname -p = unknown
/bin/uname -X     = unknown

/bin/arch              = unknown
/usr/bin/arch -k       = unknown
/usr/convex/getsysinfo = unknown
/usr/bin/hostinfo      = unknown
/bin/machine           = unknown
/usr/bin/oslevel       = unknown
/bin/universe          = unknown

PATH: /home/roggero/.local/bin
PATH: /usr/local/sbin
PATH: /usr/local/bin
PATH: /usr/sbin
PATH: /usr/bin
PATH: /sbin
PATH: /bin
PATH: /usr/games
PATH: /usr/local/games
PATH: /snap/bin


## ----------- ##
## Core tests. ##
## ----------- ##

configure:1891: checking for a BSD-compatible install
configure:1959: result: /usr/bin/install -c
configure:1970: checking whether build environment is sane
configure:2025: result: yes
configure:2176: checking for a thread-safe mkdir -p
configure:2215: result: /bin/mkdir -p
configure:2222: checking for gawk
configure:2238: found /usr/bin/gawk
configure:2249: result: gawk
configure:2260: checking whether make sets $(MAKE)
configure:2282: result: yes
configure:2311: checking whether make supports nested variables
configure:2328: result: yes
configure:2507: checking for gcc
configure:2523: found /usr/bin/gcc
configure:2534: result: gcc
configure:2763: checking for C compiler version
configure:2772: gcc --version >&5
gcc (Ubuntu 7.3.0-27ubuntu1~18.04) 7.3.0
Copyright (C) 2017 Free Software Foundation, Inc.
This is free software; see the source for copying conditions.  There is NO
warranty; not even for MERCHANTABILITY or FITNESS FOR A PARTICULAR PURPOSE.

configure:2783: $? = 0
configure:2772: gcc -v >&5
Using built-in specs.
COLLECT_GCC=gcc
COLLECT_LTO_WRAPPER=/usr/lib/gcc/x86_64-linux-gnu/7/lto-wrapper
OFFLOAD_TARGET_NAMES=nvptx-none
OFFLOAD_TARGET_DEFAULT=1
Target: x86_64-linux-gnu
Configured with: ../src/configure -v --with-pkgversion='Ubuntu 7.3.0-27ubuntu1~18.04' --with-bugurl=file:///usr/share/doc/gcc-7/README.Bugs --enable-languages=c,ada,c++,go,brig,d,fortran,objc,obj-c++ --prefix=/usr --with-gcc-major-version-only --program-suffix=-7 --program-prefix=x86_64-linux-gnu- --enable-shared --enable-linker-build-id --libexecdir=/usr/lib --without-included-gettext --enable-threads=posix --libdir=/usr/lib --enable-nls --with-sysroot=/ --enable-clocale=gnu --enable-libstdcxx-debug --enable-libstdcxx-time=yes --with-default-libstdcxx-abi=new --enable-gnu-unique-object --disable-vtable-verify --enable-libmpx --enable-plugin --enable-default-pie --with-system-zlib --with-target-system-zlib --enable-objc-gc=auto --enable-multiarch --disable-werror --with-arch-32=i686 --with-abi=m64 --with-multilib-list=m32,m64,mx32 --enable-multilib --with-tune=generic --enable-offload-targets=nvptx-none --without-cuda-driver --enable-checking=release --build=x86_64-linux-gnu --host=x86_64-linux-gnu --target=x86_64-linux-gnu
Thread model: posix
gcc version 7.3.0 (Ubuntu 7.3.0-27ubuntu1~18.04) 
configure:2783: $? = 0
configure:2772: gcc -V >&5
gcc: error: unrecognized command line option '-V'
gcc: fatal error: no input files
compilation terminated.
configure:2783: $? = 1
configure:2772: gcc -qversion >&5
gcc: error: unrecognized command line option '-qversion'; did you mean '--version'?
gcc: fatal error: no input files
compilation terminated.
configure:2783: $? = 1
configure:2803: checking whether the C compiler works
configure:2825: gcc    conftest.c  >&5
configure:2829: $? = 0
configure:2877: result: yes
configure:2880: checking for C compiler default output file name
configure:2882: result: a.out
configure:2888: checking for suffix of executables
configure:2895: gcc -o conftest    conftest.c  >&5
configure:2899: $? = 0
configure:2921: result: 
configure:2943: checking whether we are cross compiling
configure:2951: gcc -o conftest    conftest.c  >&5
configure:2955: $? = 0
configure:2962: ./conftest
configure:2966: $? = 0
configure:2981: result: no
configure:2986: checking for suffix of object files
configure:3008: gcc -c   conftest.c >&5
configure:3012: $? = 0
configure:3033: result: o
configure:3037: checking whether we are using the GNU C compiler
configure:3056: gcc -c   conftest.c >&5
configure:3056: $? = 0
configure:3065: result: yes
configure:3074: checking whether gcc accepts -g
configure:3094: gcc -c -g  conftest.c >&5
configure:3094: $? = 0
configure:3135: result: yes
configure:3152: checking for gcc option to accept ISO C89
configure:3215: gcc  -c -g -O2  conftest.c >&5
configure:3215: $? = 0
configure:3228: result: none needed
configure:3253: checking whether gcc understands -c and -o together
configure:3275: gcc -c conftest.c -o conftest2.o
configure:3278: $? = 0
configure:3275: gcc -c conftest.c -o conftest2.o
configure:3278: $? = 0
configure:3290: result: yes
configure:3318: checking for style of include used by make
configure:3346: result: GNU
configure:3372: checking dependency style of gcc
configure:3483: result: gcc3
configure:3541: checking for ranlib
configure:3557: found /usr/bin/ranlib
configure:3568: result: ranlib
configure:3605: gcc -c -g -O2  conftest.c >&5
conftest.c:11:10: fatal error: mistery.h: No such file or directory
 #include <mistery.h>
          ^~~~~~~~~~~
compilation terminated.
configure:3605: $? = 1
configure: failed program was:
| /* confdefs.h */
| #define PACKAGE_NAME "project"
| #define PACKAGE_TARNAME "project"
| #define PACKAGE_VERSION "1.0"
| #define PACKAGE_STRING "project 1.0"
| #define PACKAGE_BUGREPORT "roggero@eurecom.fr"
| #define PACKAGE_URL ""
| #define PACKAGE "project"
| #define VERSION "1.0"
| /* end confdefs.h.  */
| #include <mistery.h>
| int
| main ()
| {
| mistery_value(2);
|   ;
|   return 0;
| }
configure:3611: checking for library containing mystery_value
configure:3642: gcc -o conftest -g -O2   conftest.c  >&5
/tmp/cc1HbMSI.o: In function `main':
/home/roggero/Desktop/SoftDev/SoftDevChallenges/dev3/clean/conftest.c:22: undefined reference to `mystery_value'
collect2: error: ld returned 1 exit status
configure:3642: $? = 1
configure: failed program was:
| /* confdefs.h */
| #define PACKAGE_NAME "project"
| #define PACKAGE_TARNAME "project"
| #define PACKAGE_VERSION "1.0"
| #define PACKAGE_STRING "project 1.0"
| #define PACKAGE_BUGREPORT "roggero@eurecom.fr"
| #define PACKAGE_URL ""
| #define PACKAGE "project"
| #define VERSION "1.0"
| /* end confdefs.h.  */
| 
| /* Override any GCC internal prototype to avoid an error.
|    Use char because int might match the return type of a GCC
|    builtin and then its argument prototype would still apply.  */
| #ifdef __cplusplus
| extern "C"
| #endif
| char mystery_value ();
| int
| main ()
| {
| return mystery_value ();
|   ;
|   return 0;
| }
configure:3642: gcc -o conftest -g -O2   conftest.c -lmystery   >&5
/usr/bin/ld: cannot find -lmystery
collect2: error: ld returned 1 exit status
configure:3642: $? = 1
configure: failed program was:
| /* confdefs.h */
| #define PACKAGE_NAME "project"
| #define PACKAGE_TARNAME "project"
| #define PACKAGE_VERSION "1.0"
| #define PACKAGE_STRING "project 1.0"
| #define PACKAGE_BUGREPORT "roggero@eurecom.fr"
| #define PACKAGE_URL ""
| #define PACKAGE "project"
| #define VERSION "1.0"
| /* end confdefs.h.  */
| 
| /* Override any GCC internal prototype to avoid an error.
|    Use char because int might match the return type of a GCC
|    builtin and then its argument prototype would still apply.  */
| #ifdef __cplusplus
| extern "C"
| #endif
| char mystery_value ();
| int
| main ()
| {
| return mystery_value ();
|   ;
|   return 0;
| }
configure:3642: gcc -o conftest -g -O2   conftest.c -lvoodoo   >&5
/usr/bin/ld: cannot find -lvoodoo
collect2: error: ld returned 1 exit status
configure:3642: $? = 1
configure: failed program was:
| /* confdefs.h */
| #define PACKAGE_NAME "project"
| #define PACKAGE_TARNAME "project"
| #define PACKAGE_VERSION "1.0"
| #define PACKAGE_STRING "project 1.0"
| #define PACKAGE_BUGREPORT "roggero@eurecom.fr"
| #define PACKAGE_URL ""
| #define PACKAGE "project"
| #define VERSION "1.0"
| /* end confdefs.h.  */
| 
| /* Override any GCC internal prototype to avoid an error.
|    Use char because int might match the return type of a GCC
|    builtin and then its argument prototype would still apply.  */
| #ifdef __cplusplus
| extern "C"
| #endif
| char mystery_value ();
| int
| main ()
| {
| return mystery_value ();
|   ;
|   return 0;
| }
configure:3642: gcc -o conftest -g -O2   conftest.c -lmagic   >&5
/usr/bin/ld: cannot find -lmagic
collect2: error: ld returned 1 exit status
configure:3642: $? = 1
configure: failed program was:
| /* confdefs.h */
| #define PACKAGE_NAME "project"
| #define PACKAGE_TARNAME "project"
| #define PACKAGE_VERSION "1.0"
| #define PACKAGE_STRING "project 1.0"
| #define PACKAGE_BUGREPORT "roggero@eurecom.fr"
| #define PACKAGE_URL ""
| #define PACKAGE "project"
| #define VERSION "1.0"
| /* end confdefs.h.  */
| 
| /* Override any GCC internal prototype to avoid an error.
|    Use char because int might match the return type of a GCC
|    builtin and then its argument prototype would still apply.  */
| #ifdef __cplusplus
| extern "C"
| #endif
| char mystery_value ();
| int
| main ()
| {
| return mystery_value ();
|   ;
|   return 0;
| }
configure:3659: result: no
configure:3666: error: unable to find the mystery_value function

## ---------------- ##
## Cache variables. ##
## ---------------- ##

ac_cv_c_compiler_gnu=yes
ac_cv_env_CC_set=
ac_cv_env_CC_value=
ac_cv_env_CFLAGS_set=
ac_cv_env_CFLAGS_value=
ac_cv_env_CPPFLAGS_set=
ac_cv_env_CPPFLAGS_value=
ac_cv_env_LDFLAGS_set=
ac_cv_env_LDFLAGS_value=
ac_cv_env_LIBS_set=
ac_cv_env_LIBS_value=
ac_cv_env_build_alias_set=
ac_cv_env_build_alias_value=
ac_cv_env_host_alias_set=
ac_cv_env_host_alias_value=
ac_cv_env_target_alias_set=
ac_cv_env_target_alias_value=
ac_cv_objext=o
ac_cv_path_install='/usr/bin/install -c'
ac_cv_path_mkdir=/bin/mkdir
ac_cv_prog_AWK=gawk
ac_cv_prog_ac_ct_CC=gcc
ac_cv_prog_ac_ct_RANLIB=ranlib
ac_cv_prog_cc_c89=
ac_cv_prog_cc_g=yes
ac_cv_prog_make_make_set=yes
ac_cv_search_mystery_value=no
am_cv_CC_dependencies_compiler_type=gcc3
am_cv_make_support_nested_variables=yes
am_cv_prog_cc_c_o=yes

## ----------------- ##
## Output variables. ##
## ----------------- ##

ACLOCAL='${SHELL} /home/roggero/Desktop/SoftDev/SoftDevChallenges/dev3/clean/missing aclocal-1.15'
AMDEPBACKSLASH='\'
AMDEP_FALSE='#'
AMDEP_TRUE=''
AMTAR='$${TAR-tar}'
AM_BACKSLASH='\'
AM_DEFAULT_V='$(AM_DEFAULT_VERBOSITY)'
AM_DEFAULT_VERBOSITY='1'
AM_V='$(V)'
AUTOCONF='${SHELL} /home/roggero/Desktop/SoftDev/SoftDevChallenges/dev3/clean/missing autoconf'
AUTOHEADER='${SHELL} /home/roggero/Desktop/SoftDev/SoftDevChallenges/dev3/clean/missing autoheader'
AUTOMAKE='${SHELL} /home/roggero/Desktop/SoftDev/SoftDevChallenges/dev3/clean/missing automake-1.15'
AWK='gawk'
CC='gcc'
CCDEPMODE='depmode=gcc3'
CFLAGS='-g -O2'
CPPFLAGS=''
CYGPATH_W='echo'
DEFS=''
DEPDIR='.deps'
ECHO_C=''
ECHO_N='-n'
ECHO_T=''
EXEEXT=''
INSTALL_DATA='${INSTALL} -m 644'
INSTALL_PROGRAM='${INSTALL}'
INSTALL_SCRIPT='${INSTALL}'
INSTALL_STRIP_PROGRAM='$(install_sh) -c -s'
LDFLAGS=''
LIBOBJS=''
LIBS=''
LTLIBOBJS=''
MAKEINFO='${SHELL} /home/roggero/Desktop/SoftDev/SoftDevChallenges/dev3/clean/missing makeinfo'
MKDIR_P='/bin/mkdir -p'
OBJEXT='o'
PACKAGE='project'
PACKAGE_BUGREPORT='roggero@eurecom.fr'
PACKAGE_NAME='project'
PACKAGE_STRING='project 1.0'
PACKAGE_TARNAME='project'
PACKAGE_URL=''
PACKAGE_VERSION='1.0'
PATH_SEPARATOR=':'
RANLIB='ranlib'
SET_MAKE=''
SHELL='/bin/bash'
STRIP=''
VERSION='1.0'
ac_ct_CC='gcc'
am__EXEEXT_FALSE=''
am__EXEEXT_TRUE=''
am__fastdepCC_FALSE='#'
am__fastdepCC_TRUE=''
am__include='include'
am__isrc=''
am__leading_dot='.'
am__nodep='_no'
am__quote=''
am__tar='$${TAR-tar} chof - "$$tardir"'
am__untar='$${TAR-tar} xf -'
bindir='${exec_prefix}/bin'
build_alias=''
datadir='${datarootdir}'
datarootdir='${prefix}/share'
docdir='${datarootdir}/doc/${PACKAGE_TARNAME}'
dvidir='${docdir}'
exec_prefix='NONE'
host_alias=''
htmldir='${docdir}'
includedir='${prefix}/include'
infodir='${datarootdir}/info'
install_sh='${SHELL} /home/roggero/Desktop/SoftDev/SoftDevChallenges/dev3/clean/install-sh'
libdir='${exec_prefix}/lib'
libexecdir='${exec_prefix}/libexec'
localedir='${datarootdir}/locale'
localstatedir='${prefix}/var'
mandir='${datarootdir}/man'
mkdir_p='$(MKDIR_P)'
oldincludedir='/usr/include'
pdfdir='${docdir}'
prefix='NONE'
program_transform_name='s,x,x,'
psdir='${docdir}'
runstatedir='${localstatedir}/run'
sbindir='${exec_prefix}/sbin'
sharedstatedir='${prefix}/com'
sysconfdir='${prefix}/etc'
target_alias=''

## ----------- ##
## confdefs.h. ##
## ----------- ##

/* confdefs.h */
#define PACKAGE_NAME "project"
#define PACKAGE_TARNAME "project"
#define PACKAGE_VERSION "1.0"
#define PACKAGE_STRING "project 1.0"
#define PACKAGE_BUGREPORT "roggero@eurecom.fr"
#define PACKAGE_URL ""
#define PACKAGE "project"
#define VERSION "1.0"

configure: exit 1
